

Started GET "/users/auth/google_oauth2" for 127.0.0.1 at 2014-06-25 10:46:05 +0530


Started GET "/users/auth/google_oauth2/callback?state=2bed1b352faec61c45d81a1e492b2b0a20c4f04add64f4de&code=4/p6Qvpv0Jg5csQ0S9cHrg4MX2Ri0R.Yk5ujeWOiWsbdJfo-QBMszuUh-uijQI" for 127.0.0.1 at 2014-06-25 10:46:14 +0530
Processing by OmniauthCallbacksController#google_oauth2 as HTML
  Parameters: {"state"=>"2bed1b352faec61c45d81a1e492b2b0a20c4f04add64f4de", "code"=>"4/p6Qvpv0Jg5csQ0S9cHrg4MX2Ri0R.Yk5ujeWOiWsbdJfo-QBMszuUh-uijQI"}
  MOPED: 127.0.0.1:27017 COMMAND      database=admin command={:ismaster=>1} runtime: 1.2544ms
  MOPED: 127.0.0.1:27017 QUERY        database=screamout_development collection=users selector={"$query"=>{"email"=>"siddharth@joshsoftware.com"}, "$orderby"=>{:_id=>1}} flags=[] limit=-1 skip=0 batch_size=nil fields=nil runtime: 12.3749ms
Redirected to http://localhost:3000/
Completed 302 Found in 19ms


Started GET "/" for 127.0.0.1 at 2014-06-25 10:46:16 +0530
Processing by UsersController#index as HTML
  Rendered users/index.html.erb within layouts/application (15.9ms)
Completed 200 OK in 699ms (Views: 698.2ms)


Started GET "/assets/application.css?body=1" for 127.0.0.1 at 2014-06-25 10:46:17 +0530


Started GET "/assets/contents.css?body=1" for 127.0.0.1 at 2014-06-25 10:46:17 +0530


Started GET "/assets/jquery.js?body=1" for 127.0.0.1 at 2014-06-25 10:46:17 +0530


Started GET "/assets/jquery_ujs.js?body=1" for 127.0.0.1 at 2014-06-25 10:46:17 +0530


Started GET "/assets/turbolinks.js?body=1" for 127.0.0.1 at 2014-06-25 10:46:17 +0530


Started GET "/assets/application.js?body=1" for 127.0.0.1 at 2014-06-25 10:46:17 +0530


Started GET "/assets/contents.js?body=1" for 127.0.0.1 at 2014-06-25 10:46:17 +0530


Started GET "/" for 127.0.0.1 at 2014-06-25 11:01:34 +0530
Processing by UsersController#index as HTML
  Rendered users/index.html.erb within layouts/application (8.2ms)
Completed 200 OK in 62ms (Views: 50.8ms)


Started GET "/assets/contents.css?body=1" for 127.0.0.1 at 2014-06-25 11:01:34 +0530


Started GET "/assets/application.css?body=1" for 127.0.0.1 at 2014-06-25 11:01:34 +0530


Started GET "/assets/jquery_ujs.js?body=1" for 127.0.0.1 at 2014-06-25 11:01:34 +0530


Started GET "/assets/jquery.js?body=1" for 127.0.0.1 at 2014-06-25 11:01:34 +0530


Started GET "/assets/turbolinks.js?body=1" for 127.0.0.1 at 2014-06-25 11:01:34 +0530


Started GET "/assets/application.js?body=1" for 127.0.0.1 at 2014-06-25 11:01:34 +0530


Started GET "/assets/contents.js?body=1" for 127.0.0.1 at 2014-06-25 11:01:34 +0530


Started GET "/" for 127.0.0.1 at 2014-06-25 11:06:13 +0530

AbstractController::ActionNotFound (The action 'passthru {:provider=>/google_oauth2/}' could not be found for OmniauthCallbacksController):
  actionpack (4.1.1) lib/abstract_controller/base.rb:131:in `process'
  actionview (4.1.1) lib/action_view/rendering.rb:30:in `process'
  actionpack (4.1.1) lib/action_controller/metal.rb:195:in `dispatch'
  actionpack (4.1.1) lib/action_controller/metal/rack_delegation.rb:13:in `dispatch'
  actionpack (4.1.1) lib/action_controller/metal.rb:231:in `block in action'
  actionpack (4.1.1) lib/action_dispatch/routing/route_set.rb:80:in `call'
  actionpack (4.1.1) lib/action_dispatch/routing/route_set.rb:80:in `dispatch'
  actionpack (4.1.1) lib/action_dispatch/routing/route_set.rb:48:in `call'
  actionpack (4.1.1) lib/action_dispatch/journey/router.rb:71:in `block in call'
  actionpack (4.1.1) lib/action_dispatch/journey/router.rb:59:in `each'
  actionpack (4.1.1) lib/action_dispatch/journey/router.rb:59:in `call'
  actionpack (4.1.1) lib/action_dispatch/routing/route_set.rb:676:in `call'
  actionpack (4.1.1) lib/action_dispatch/middleware/static.rb:64:in `call'
  omniauth (1.2.1) lib/omniauth/strategy.rb:186:in `call!'
  omniauth (1.2.1) lib/omniauth/strategy.rb:164:in `call'
  warden (1.2.3) lib/warden/manager.rb:35:in `block in call'
  warden (1.2.3) lib/warden/manager.rb:34:in `catch'
  warden (1.2.3) lib/warden/manager.rb:34:in `call'
  rack (1.5.2) lib/rack/etag.rb:23:in `call'
  rack (1.5.2) lib/rack/conditionalget.rb:25:in `call'
  rack (1.5.2) lib/rack/head.rb:11:in `call'
  actionpack (4.1.1) lib/action_dispatch/middleware/params_parser.rb:27:in `call'
  actionpack (4.1.1) lib/action_dispatch/middleware/flash.rb:254:in `call'
  rack (1.5.2) lib/rack/session/abstract/id.rb:225:in `context'
  rack (1.5.2) lib/rack/session/abstract/id.rb:220:in `call'
  actionpack (4.1.1) lib/action_dispatch/middleware/cookies.rb:560:in `call'
  actionpack (4.1.1) lib/action_dispatch/middleware/callbacks.rb:29:in `block in call'
  activesupport (4.1.1) lib/active_support/callbacks.rb:82:in `run_callbacks'
  actionpack (4.1.1) lib/action_dispatch/middleware/callbacks.rb:27:in `call'
  actionpack (4.1.1) lib/action_dispatch/middleware/reloader.rb:73:in `call'
  actionpack (4.1.1) lib/action_dispatch/middleware/remote_ip.rb:76:in `call'
  actionpack (4.1.1) lib/action_dispatch/middleware/debug_exceptions.rb:17:in `call'
  actionpack (4.1.1) lib/action_dispatch/middleware/show_exceptions.rb:30:in `call'
  railties (4.1.1) lib/rails/rack/logger.rb:38:in `call_app'
  railties (4.1.1) lib/rails/rack/logger.rb:20:in `block in call'
  activesupport (4.1.1) lib/active_support/tagged_logging.rb:68:in `block in tagged'
  activesupport (4.1.1) lib/active_support/tagged_logging.rb:26:in `tagged'
  activesupport (4.1.1) lib/active_support/tagged_logging.rb:68:in `tagged'
  railties (4.1.1) lib/rails/rack/logger.rb:20:in `call'
  actionpack (4.1.1) lib/action_dispatch/middleware/request_id.rb:21:in `call'
  rack (1.5.2) lib/rack/methodoverride.rb:21:in `call'
  rack (1.5.2) lib/rack/runtime.rb:17:in `call'
  activesupport (4.1.1) lib/active_support/cache/strategy/local_cache_middleware.rb:26:in `call'
  rack (1.5.2) lib/rack/lock.rb:17:in `call'
  actionpack (4.1.1) lib/action_dispatch/middleware/static.rb:64:in `call'
  rack (1.5.2) lib/rack/sendfile.rb:112:in `call'
  railties (4.1.1) lib/rails/engine.rb:514:in `call'
  railties (4.1.1) lib/rails/application.rb:144:in `call'
  rack (1.5.2) lib/rack/lock.rb:17:in `call'
  rack (1.5.2) lib/rack/content_length.rb:14:in `call'
  rack (1.5.2) lib/rack/handler/webrick.rb:60:in `service'
  /home/batman/.rvm/rubies/ruby-2.1.2/lib/ruby/2.1.0/webrick/httpserver.rb:138:in `service'
  /home/batman/.rvm/rubies/ruby-2.1.2/lib/ruby/2.1.0/webrick/httpserver.rb:94:in `run'
  /home/batman/.rvm/rubies/ruby-2.1.2/lib/ruby/2.1.0/webrick/server.rb:295:in `block in start_thread'


  Rendered /home/batman/.rvm/gems/ruby-2.1.2/gems/actionpack-4.1.1/lib/action_dispatch/middleware/templates/rescues/unknown_action.html.erb within rescues/layout (2.5ms)
